{"/Users/angyuze/Desktop/cs4218/cs4218-2420-ecom-project-team23/client/src/pages/admin/AdminDashboard.js": {"path":"/Users/angyuze/Desktop/cs4218/cs4218-2420-ecom-project-team23/client/src/pages/admin/AdminDashboard.js","statementMap":{"0":{"start":{"line":5,"column":23},"end":{"line":25,"column":1}},"1":{"start":{"line":6,"column":17},"end":{"line":6,"column":26}},"2":{"start":{"line":7,"column":2},"end":{"line":24,"column":4}}},"fnMap":{"0":{"name":"(anonymous_0)","decl":{"start":{"line":5,"column":23},"end":{"line":5,"column":24}},"loc":{"start":{"line":5,"column":29},"end":{"line":25,"column":1}},"line":5}},"branchMap":{},"s":{"0":1,"1":2,"2":2},"f":{"0":2},"b":{},"_coverageSchema":"1a1c01bbd47fc00a2c39e90264f33305004495a9","hash":"06062bf15fb2f9ab64049c29ec62507eb13ee5e4"}
,"/Users/angyuze/Desktop/cs4218/cs4218-2420-ecom-project-team23/client/src/pages/admin/AdminOrders.js": {"path":"/Users/angyuze/Desktop/cs4218/cs4218-2420-ecom-project-team23/client/src/pages/admin/AdminOrders.js","statementMap":{"0":{"start":{"line":9,"column":19},"end":{"line":9,"column":25}},"1":{"start":{"line":11,"column":20},"end":{"line":117,"column":1}},"2":{"start":{"line":12,"column":30},"end":{"line":18,"column":4}},"3":{"start":{"line":19,"column":42},"end":{"line":19,"column":54}},"4":{"start":{"line":20,"column":30},"end":{"line":20,"column":42}},"5":{"start":{"line":21,"column":26},"end":{"line":21,"column":35}},"6":{"start":{"line":22,"column":20},"end":{"line":29,"column":3}},"7":{"start":{"line":23,"column":4},"end":{"line":28,"column":5}},"8":{"start":{"line":24,"column":23},"end":{"line":24,"column":65}},"9":{"start":{"line":25,"column":6},"end":{"line":25,"column":22}},"10":{"start":{"line":27,"column":6},"end":{"line":27,"column":25}},"11":{"start":{"line":31,"column":2},"end":{"line":33,"column":20}},"12":{"start":{"line":32,"column":4},"end":{"line":32,"column":33}},"13":{"start":{"line":32,"column":21},"end":{"line":32,"column":33}},"14":{"start":{"line":35,"column":23},"end":{"line":44,"column":3}},"15":{"start":{"line":36,"column":4},"end":{"line":43,"column":5}},"16":{"start":{"line":37,"column":23},"end":{"line":39,"column":8}},"17":{"start":{"line":40,"column":6},"end":{"line":40,"column":18}},"18":{"start":{"line":42,"column":6},"end":{"line":42,"column":25}},"19":{"start":{"line":45,"column":2},"end":{"line":116,"column":4}},"20":{"start":{"line":54,"column":12},"end":{"line":111,"column":14}},"21":{"start":{"line":73,"column":47},"end":{"line":73,"column":73}},"22":{"start":{"line":77,"column":28},"end":{"line":79,"column":37}},"23":{"start":{"line":92,"column":20},"end":{"line":107,"column":26}}},"fnMap":{"0":{"name":"(anonymous_0)","decl":{"start":{"line":11,"column":20},"end":{"line":11,"column":21}},"loc":{"start":{"line":11,"column":26},"end":{"line":117,"column":1}},"line":11},"1":{"name":"(anonymous_1)","decl":{"start":{"line":22,"column":20},"end":{"line":22,"column":21}},"loc":{"start":{"line":22,"column":32},"end":{"line":29,"column":3}},"line":22},"2":{"name":"(anonymous_2)","decl":{"start":{"line":31,"column":12},"end":{"line":31,"column":13}},"loc":{"start":{"line":31,"column":18},"end":{"line":33,"column":3}},"line":31},"3":{"name":"(anonymous_3)","decl":{"start":{"line":35,"column":23},"end":{"line":35,"column":24}},"loc":{"start":{"line":35,"column":49},"end":{"line":44,"column":3}},"line":35},"4":{"name":"(anonymous_4)","decl":{"start":{"line":53,"column":23},"end":{"line":53,"column":24}},"loc":{"start":{"line":53,"column":33},"end":{"line":112,"column":11}},"line":53},"5":{"name":"(anonymous_5)","decl":{"start":{"line":73,"column":36},"end":{"line":73,"column":37}},"loc":{"start":{"line":73,"column":47},"end":{"line":73,"column":73}},"line":73},"6":{"name":"(anonymous_6)","decl":{"start":{"line":76,"column":38},"end":{"line":76,"column":39}},"loc":{"start":{"line":77,"column":28},"end":{"line":79,"column":37}},"line":77},"7":{"name":"(anonymous_7)","decl":{"start":{"line":91,"column":36},"end":{"line":91,"column":37}},"loc":{"start":{"line":92,"column":20},"end":{"line":107,"column":26}},"line":92}},"branchMap":{"0":{"loc":{"start":{"line":32,"column":4},"end":{"line":32,"column":33}},"type":"if","locations":[{"start":{"line":32,"column":4},"end":{"line":32,"column":33}},{"start":{},"end":{}}],"line":32},"1":{"loc":{"start":{"line":85,"column":27},"end":{"line":85,"column":68}},"type":"cond-expr","locations":[{"start":{"line":85,"column":48},"end":{"line":85,"column":57}},{"start":{"line":85,"column":60},"end":{"line":85,"column":68}}],"line":85}},"s":{"0":1,"1":1,"2":12,"3":11,"4":11,"5":11,"6":11,"7":8,"8":8,"9":6,"10":2,"11":11,"12":7,"13":7,"14":11,"15":1,"16":1,"17":1,"18":0,"19":11,"20":4,"21":1,"22":20,"23":3},"f":{"0":12,"1":8,"2":7,"3":1,"4":4,"5":1,"6":20,"7":3},"b":{"0":[7,0],"1":[3,1]},"_coverageSchema":"1a1c01bbd47fc00a2c39e90264f33305004495a9","hash":"b9cdcc42e3aa4fc3da87276ed9072757ae044fc3"}
,"/Users/angyuze/Desktop/cs4218/cs4218-2420-ecom-project-team23/client/src/pages/admin/CreateCategory.js": {"path":"/Users/angyuze/Desktop/cs4218/cs4218-2420-ecom-project-team23/client/src/pages/admin/CreateCategory.js","statementMap":{"0":{"start":{"line":8,"column":23},"end":{"line":159,"column":1}},"1":{"start":{"line":9,"column":38},"end":{"line":9,"column":50}},"2":{"start":{"line":10,"column":26},"end":{"line":10,"column":38}},"3":{"start":{"line":11,"column":32},"end":{"line":11,"column":47}},"4":{"start":{"line":12,"column":34},"end":{"line":12,"column":48}},"5":{"start":{"line":13,"column":40},"end":{"line":13,"column":52}},"6":{"start":{"line":15,"column":23},"end":{"line":31,"column":3}},"7":{"start":{"line":16,"column":4},"end":{"line":16,"column":23}},"8":{"start":{"line":17,"column":4},"end":{"line":30,"column":5}},"9":{"start":{"line":18,"column":23},"end":{"line":20,"column":8}},"10":{"start":{"line":21,"column":6},"end":{"line":26,"column":7}},"11":{"start":{"line":22,"column":8},"end":{"line":22,"column":44}},"12":{"start":{"line":23,"column":8},"end":{"line":23,"column":25}},"13":{"start":{"line":25,"column":8},"end":{"line":25,"column":34}},"14":{"start":{"line":28,"column":6},"end":{"line":28,"column":25}},"15":{"start":{"line":29,"column":6},"end":{"line":29,"column":55}},"16":{"start":{"line":34,"column":25},"end":{"line":44,"column":3}},"17":{"start":{"line":35,"column":4},"end":{"line":43,"column":5}},"18":{"start":{"line":36,"column":23},"end":{"line":36,"column":71}},"19":{"start":{"line":37,"column":6},"end":{"line":39,"column":7}},"20":{"start":{"line":38,"column":8},"end":{"line":38,"column":37}},"21":{"start":{"line":41,"column":6},"end":{"line":41,"column":25}},"22":{"start":{"line":42,"column":6},"end":{"line":42,"column":63}},"23":{"start":{"line":46,"column":2},"end":{"line":48,"column":9}},"24":{"start":{"line":47,"column":4},"end":{"line":47,"column":21}},"25":{"start":{"line":51,"column":23},"end":{"line":70,"column":3}},"26":{"start":{"line":52,"column":4},"end":{"line":52,"column":23}},"27":{"start":{"line":53,"column":4},"end":{"line":69,"column":5}},"28":{"start":{"line":54,"column":23},"end":{"line":57,"column":7}},"29":{"start":{"line":58,"column":6},"end":{"line":66,"column":7}},"30":{"start":{"line":59,"column":8},"end":{"line":59,"column":51}},"31":{"start":{"line":60,"column":8},"end":{"line":60,"column":26}},"32":{"start":{"line":61,"column":8},"end":{"line":61,"column":27}},"33":{"start":{"line":62,"column":8},"end":{"line":62,"column":26}},"34":{"start":{"line":63,"column":8},"end":{"line":63,"column":25}},"35":{"start":{"line":65,"column":8},"end":{"line":65,"column":34}},"36":{"start":{"line":68,"column":6},"end":{"line":68,"column":42}},"37":{"start":{"line":72,"column":23},"end":{"line":87,"column":3}},"38":{"start":{"line":73,"column":4},"end":{"line":86,"column":5}},"39":{"start":{"line":74,"column":23},"end":{"line":76,"column":7}},"40":{"start":{"line":77,"column":6},"end":{"line":83,"column":7}},"41":{"start":{"line":78,"column":8},"end":{"line":78,"column":45}},"42":{"start":{"line":80,"column":8},"end":{"line":80,"column":25}},"43":{"start":{"line":82,"column":8},"end":{"line":82,"column":34}},"44":{"start":{"line":85,"column":6},"end":{"line":85,"column":42}},"45":{"start":{"line":88,"column":2},"end":{"line":158,"column":4}},"46":{"start":{"line":114,"column":20},"end":{"line":138,"column":23}},"47":{"start":{"line":121,"column":30},"end":{"line":121,"column":47}},"48":{"start":{"line":122,"column":30},"end":{"line":122,"column":53}},"49":{"start":{"line":123,"column":30},"end":{"line":123,"column":45}},"50":{"start":{"line":131,"column":30},"end":{"line":131,"column":50}},"51":{"start":{"line":144,"column":30},"end":{"line":144,"column":47}}},"fnMap":{"0":{"name":"(anonymous_0)","decl":{"start":{"line":8,"column":23},"end":{"line":8,"column":24}},"loc":{"start":{"line":8,"column":29},"end":{"line":159,"column":1}},"line":8},"1":{"name":"(anonymous_1)","decl":{"start":{"line":15,"column":23},"end":{"line":15,"column":24}},"loc":{"start":{"line":15,"column":36},"end":{"line":31,"column":3}},"line":15},"2":{"name":"(anonymous_2)","decl":{"start":{"line":34,"column":25},"end":{"line":34,"column":26}},"loc":{"start":{"line":34,"column":37},"end":{"line":44,"column":3}},"line":34},"3":{"name":"(anonymous_3)","decl":{"start":{"line":46,"column":12},"end":{"line":46,"column":13}},"loc":{"start":{"line":46,"column":18},"end":{"line":48,"column":3}},"line":46},"4":{"name":"(anonymous_4)","decl":{"start":{"line":51,"column":23},"end":{"line":51,"column":24}},"loc":{"start":{"line":51,"column":36},"end":{"line":70,"column":3}},"line":51},"5":{"name":"(anonymous_5)","decl":{"start":{"line":72,"column":23},"end":{"line":72,"column":24}},"loc":{"start":{"line":72,"column":38},"end":{"line":87,"column":3}},"line":72},"6":{"name":"(anonymous_6)","decl":{"start":{"line":113,"column":35},"end":{"line":113,"column":36}},"loc":{"start":{"line":114,"column":20},"end":{"line":138,"column":23}},"line":114},"7":{"name":"(anonymous_7)","decl":{"start":{"line":120,"column":37},"end":{"line":120,"column":38}},"loc":{"start":{"line":120,"column":43},"end":{"line":124,"column":29}},"line":120},"8":{"name":"(anonymous_8)","decl":{"start":{"line":130,"column":37},"end":{"line":130,"column":38}},"loc":{"start":{"line":130,"column":43},"end":{"line":132,"column":29}},"line":130},"9":{"name":"(anonymous_9)","decl":{"start":{"line":144,"column":24},"end":{"line":144,"column":25}},"loc":{"start":{"line":144,"column":30},"end":{"line":144,"column":47}},"line":144}},"branchMap":{"0":{"loc":{"start":{"line":21,"column":6},"end":{"line":26,"column":7}},"type":"if","locations":[{"start":{"line":21,"column":6},"end":{"line":26,"column":7}},{"start":{"line":24,"column":13},"end":{"line":26,"column":7}}],"line":21},"1":{"loc":{"start":{"line":37,"column":6},"end":{"line":39,"column":7}},"type":"if","locations":[{"start":{"line":37,"column":6},"end":{"line":39,"column":7}},{"start":{},"end":{}}],"line":37},"2":{"loc":{"start":{"line":58,"column":6},"end":{"line":66,"column":7}},"type":"if","locations":[{"start":{"line":58,"column":6},"end":{"line":66,"column":7}},{"start":{"line":64,"column":13},"end":{"line":66,"column":7}}],"line":58},"3":{"loc":{"start":{"line":77,"column":6},"end":{"line":83,"column":7}},"type":"if","locations":[{"start":{"line":77,"column":6},"end":{"line":83,"column":7}},{"start":{"line":81,"column":13},"end":{"line":83,"column":7}}],"line":77}},"s":{"0":1,"1":116,"2":115,"3":115,"4":115,"5":115,"6":115,"7":3,"8":3,"9":3,"10":2,"11":1,"12":1,"13":1,"14":1,"15":1,"16":115,"17":15,"18":15,"19":8,"20":8,"21":7,"22":7,"23":115,"24":12,"25":115,"26":3,"27":3,"28":3,"29":2,"30":1,"31":1,"32":1,"33":1,"34":1,"35":1,"36":1,"37":115,"38":3,"39":3,"40":2,"41":1,"42":1,"43":1,"44":1,"45":115,"46":75,"47":4,"48":4,"49":4,"50":3,"51":1},"f":{"0":116,"1":3,"2":15,"3":12,"4":3,"5":3,"6":75,"7":4,"8":3,"9":1},"b":{"0":[1,1],"1":[8,0],"2":[1,1],"3":[1,1]},"_coverageSchema":"1a1c01bbd47fc00a2c39e90264f33305004495a9","hash":"67492f048400b15bc31639c91579de9a70b2983e"}
,"/Users/angyuze/Desktop/cs4218/cs4218-2420-ecom-project-team23/client/src/pages/admin/CreateProduct.js": {"path":"/Users/angyuze/Desktop/cs4218/cs4218-2420-ecom-project-team23/client/src/pages/admin/CreateProduct.js","statementMap":{"0":{"start":{"line":8,"column":19},"end":{"line":8,"column":25}},"1":{"start":{"line":10,"column":22},"end":{"line":178,"column":1}},"2":{"start":{"line":11,"column":19},"end":{"line":11,"column":32}},"3":{"start":{"line":12,"column":38},"end":{"line":12,"column":50}},"4":{"start":{"line":13,"column":26},"end":{"line":13,"column":38}},"5":{"start":{"line":14,"column":40},"end":{"line":14,"column":52}},"6":{"start":{"line":15,"column":28},"end":{"line":15,"column":40}},"7":{"start":{"line":16,"column":34},"end":{"line":16,"column":46}},"8":{"start":{"line":17,"column":34},"end":{"line":17,"column":46}},"9":{"start":{"line":18,"column":34},"end":{"line":18,"column":46}},"10":{"start":{"line":19,"column":28},"end":{"line":19,"column":40}},"11":{"start":{"line":22,"column":25},"end":{"line":32,"column":3}},"12":{"start":{"line":23,"column":4},"end":{"line":31,"column":5}},"13":{"start":{"line":24,"column":23},"end":{"line":24,"column":71}},"14":{"start":{"line":25,"column":6},"end":{"line":27,"column":7}},"15":{"start":{"line":26,"column":8},"end":{"line":26,"column":38}},"16":{"start":{"line":29,"column":6},"end":{"line":29,"column":25}},"17":{"start":{"line":30,"column":6},"end":{"line":30,"column":63}},"18":{"start":{"line":34,"column":2},"end":{"line":36,"column":9}},"19":{"start":{"line":35,"column":4},"end":{"line":35,"column":21}},"20":{"start":{"line":39,"column":23},"end":{"line":63,"column":3}},"21":{"start":{"line":40,"column":4},"end":{"line":40,"column":23}},"22":{"start":{"line":41,"column":4},"end":{"line":62,"column":5}},"23":{"start":{"line":42,"column":26},"end":{"line":42,"column":40}},"24":{"start":{"line":43,"column":6},"end":{"line":43,"column":39}},"25":{"start":{"line":44,"column":6},"end":{"line":44,"column":53}},"26":{"start":{"line":45,"column":6},"end":{"line":45,"column":41}},"27":{"start":{"line":46,"column":6},"end":{"line":46,"column":47}},"28":{"start":{"line":47,"column":6},"end":{"line":47,"column":41}},"29":{"start":{"line":48,"column":6},"end":{"line":48,"column":47}},"30":{"start":{"line":49,"column":23},"end":{"line":52,"column":7}},"31":{"start":{"line":53,"column":6},"end":{"line":58,"column":7}},"32":{"start":{"line":54,"column":8},"end":{"line":54,"column":35}},"33":{"start":{"line":56,"column":8},"end":{"line":56,"column":54}},"34":{"start":{"line":57,"column":8},"end":{"line":57,"column":46}},"35":{"start":{"line":60,"column":6},"end":{"line":60,"column":25}},"36":{"start":{"line":61,"column":6},"end":{"line":61,"column":42}},"37":{"start":{"line":65,"column":2},"end":{"line":177,"column":4}},"38":{"start":{"line":82,"column":18},"end":{"line":82,"column":37}},"39":{"start":{"line":86,"column":18},"end":{"line":88,"column":27}},"40":{"start":{"line":98,"column":37},"end":{"line":98,"column":64}},"41":{"start":{"line":121,"column":35},"end":{"line":121,"column":58}},"42":{"start":{"line":130,"column":35},"end":{"line":130,"column":65}},"43":{"start":{"line":140,"column":35},"end":{"line":140,"column":59}},"44":{"start":{"line":149,"column":35},"end":{"line":149,"column":62}},"45":{"start":{"line":160,"column":20},"end":{"line":160,"column":39}}},"fnMap":{"0":{"name":"(anonymous_0)","decl":{"start":{"line":10,"column":22},"end":{"line":10,"column":23}},"loc":{"start":{"line":10,"column":28},"end":{"line":178,"column":1}},"line":10},"1":{"name":"(anonymous_1)","decl":{"start":{"line":22,"column":25},"end":{"line":22,"column":26}},"loc":{"start":{"line":22,"column":37},"end":{"line":32,"column":3}},"line":22},"2":{"name":"(anonymous_2)","decl":{"start":{"line":34,"column":12},"end":{"line":34,"column":13}},"loc":{"start":{"line":34,"column":18},"end":{"line":36,"column":3}},"line":34},"3":{"name":"(anonymous_3)","decl":{"start":{"line":39,"column":23},"end":{"line":39,"column":24}},"loc":{"start":{"line":39,"column":36},"end":{"line":63,"column":3}},"line":39},"4":{"name":"(anonymous_4)","decl":{"start":{"line":81,"column":26},"end":{"line":81,"column":27}},"loc":{"start":{"line":81,"column":37},"end":{"line":83,"column":17}},"line":81},"5":{"name":"(anonymous_5)","decl":{"start":{"line":85,"column":33},"end":{"line":85,"column":34}},"loc":{"start":{"line":86,"column":18},"end":{"line":88,"column":27}},"line":86},"6":{"name":"(anonymous_6)","decl":{"start":{"line":98,"column":30},"end":{"line":98,"column":31}},"loc":{"start":{"line":98,"column":37},"end":{"line":98,"column":64}},"line":98},"7":{"name":"(anonymous_7)","decl":{"start":{"line":121,"column":28},"end":{"line":121,"column":29}},"loc":{"start":{"line":121,"column":35},"end":{"line":121,"column":58}},"line":121},"8":{"name":"(anonymous_8)","decl":{"start":{"line":130,"column":28},"end":{"line":130,"column":29}},"loc":{"start":{"line":130,"column":35},"end":{"line":130,"column":65}},"line":130},"9":{"name":"(anonymous_9)","decl":{"start":{"line":140,"column":28},"end":{"line":140,"column":29}},"loc":{"start":{"line":140,"column":35},"end":{"line":140,"column":59}},"line":140},"10":{"name":"(anonymous_10)","decl":{"start":{"line":149,"column":28},"end":{"line":149,"column":29}},"loc":{"start":{"line":149,"column":35},"end":{"line":149,"column":62}},"line":149},"11":{"name":"(anonymous_11)","decl":{"start":{"line":159,"column":28},"end":{"line":159,"column":29}},"loc":{"start":{"line":159,"column":39},"end":{"line":161,"column":19}},"line":159}},"branchMap":{"0":{"loc":{"start":{"line":25,"column":6},"end":{"line":27,"column":7}},"type":"if","locations":[{"start":{"line":25,"column":6},"end":{"line":27,"column":7}},{"start":{},"end":{}}],"line":25},"1":{"loc":{"start":{"line":53,"column":6},"end":{"line":58,"column":7}},"type":"if","locations":[{"start":{"line":53,"column":6},"end":{"line":58,"column":7}},{"start":{"line":55,"column":13},"end":{"line":58,"column":7}}],"line":53},"2":{"loc":{"start":{"line":93,"column":19},"end":{"line":93,"column":54}},"type":"cond-expr","locations":[{"start":{"line":93,"column":27},"end":{"line":93,"column":37}},{"start":{"line":93,"column":40},"end":{"line":93,"column":54}}],"line":93},"3":{"loc":{"start":{"line":104,"column":17},"end":{"line":113,"column":17}},"type":"binary-expr","locations":[{"start":{"line":104,"column":17},"end":{"line":104,"column":22}},{"start":{"line":105,"column":18},"end":{"line":112,"column":24}}],"line":104}},"s":{"0":1,"1":1,"2":11,"3":11,"4":11,"5":11,"6":11,"7":11,"8":11,"9":11,"10":11,"11":11,"12":7,"13":7,"14":6,"15":6,"16":1,"17":1,"18":11,"19":7,"20":11,"21":4,"22":4,"23":4,"24":4,"25":4,"26":4,"27":4,"28":4,"29":4,"30":4,"31":2,"32":0,"33":2,"34":2,"35":2,"36":2,"37":11,"38":0,"39":2,"40":1,"41":1,"42":0,"43":0,"44":0,"45":0},"f":{"0":11,"1":7,"2":7,"3":4,"4":0,"5":2,"6":1,"7":1,"8":0,"9":0,"10":0,"11":0},"b":{"0":[6,0],"1":[0,2],"2":[2,9],"3":[11,2]},"_coverageSchema":"1a1c01bbd47fc00a2c39e90264f33305004495a9","hash":"f3ebd8d9d8dc8f0d75679bc3e492abe8874c533a"}
,"/Users/angyuze/Desktop/cs4218/cs4218-2420-ecom-project-team23/client/src/pages/admin/Products.js": {"path":"/Users/angyuze/Desktop/cs4218/cs4218-2420-ecom-project-team23/client/src/pages/admin/Products.js","statementMap":{"0":{"start":{"line":7,"column":17},"end":{"line":58,"column":1}},"1":{"start":{"line":8,"column":34},"end":{"line":8,"column":46}},"2":{"start":{"line":11,"column":25},"end":{"line":19,"column":3}},"3":{"start":{"line":12,"column":4},"end":{"line":18,"column":5}},"4":{"start":{"line":13,"column":23},"end":{"line":13,"column":69}},"5":{"start":{"line":14,"column":6},"end":{"line":14,"column":33}},"6":{"start":{"line":16,"column":6},"end":{"line":16,"column":25}},"7":{"start":{"line":17,"column":6},"end":{"line":17,"column":43}},"8":{"start":{"line":22,"column":2},"end":{"line":24,"column":9}},"9":{"start":{"line":23,"column":4},"end":{"line":23,"column":21}},"10":{"start":{"line":25,"column":2},"end":{"line":57,"column":4}},"11":{"start":{"line":35,"column":14},"end":{"line":51,"column":21}}},"fnMap":{"0":{"name":"(anonymous_0)","decl":{"start":{"line":7,"column":17},"end":{"line":7,"column":18}},"loc":{"start":{"line":7,"column":23},"end":{"line":58,"column":1}},"line":7},"1":{"name":"(anonymous_1)","decl":{"start":{"line":11,"column":25},"end":{"line":11,"column":26}},"loc":{"start":{"line":11,"column":37},"end":{"line":19,"column":3}},"line":11},"2":{"name":"(anonymous_2)","decl":{"start":{"line":22,"column":12},"end":{"line":22,"column":13}},"loc":{"start":{"line":22,"column":18},"end":{"line":24,"column":3}},"line":22},"3":{"name":"(anonymous_3)","decl":{"start":{"line":34,"column":27},"end":{"line":34,"column":28}},"loc":{"start":{"line":35,"column":14},"end":{"line":51,"column":21}},"line":35}},"branchMap":{},"s":{"0":1,"1":7,"2":7,"3":4,"4":4,"5":3,"6":1,"7":1,"8":7,"9":4,"10":7,"11":4},"f":{"0":7,"1":4,"2":4,"3":4},"b":{},"_coverageSchema":"1a1c01bbd47fc00a2c39e90264f33305004495a9","hash":"5e1b2a9022215a4f7964ad6871fd886236c66c13"}
,"/Users/angyuze/Desktop/cs4218/cs4218-2420-ecom-project-team23/client/src/pages/admin/UpdateProduct.js": {"path":"/Users/angyuze/Desktop/cs4218/cs4218-2420-ecom-project-team23/client/src/pages/admin/UpdateProduct.js","statementMap":{"0":{"start":{"line":8,"column":19},"end":{"line":8,"column":25}},"1":{"start":{"line":10,"column":22},"end":{"line":233,"column":1}},"2":{"start":{"line":11,"column":19},"end":{"line":11,"column":32}},"3":{"start":{"line":12,"column":17},"end":{"line":12,"column":28}},"4":{"start":{"line":13,"column":38},"end":{"line":13,"column":50}},"5":{"start":{"line":14,"column":26},"end":{"line":14,"column":38}},"6":{"start":{"line":15,"column":40},"end":{"line":15,"column":52}},"7":{"start":{"line":16,"column":28},"end":{"line":16,"column":40}},"8":{"start":{"line":17,"column":34},"end":{"line":17,"column":46}},"9":{"start":{"line":18,"column":34},"end":{"line":18,"column":46}},"10":{"start":{"line":19,"column":34},"end":{"line":19,"column":46}},"11":{"start":{"line":20,"column":28},"end":{"line":20,"column":40}},"12":{"start":{"line":21,"column":22},"end":{"line":21,"column":34}},"13":{"start":{"line":24,"column":27},"end":{"line":40,"column":3}},"14":{"start":{"line":25,"column":4},"end":{"line":39,"column":5}},"15":{"start":{"line":26,"column":23},"end":{"line":28,"column":7}},"16":{"start":{"line":29,"column":6},"end":{"line":29,"column":33}},"17":{"start":{"line":30,"column":6},"end":{"line":30,"column":30}},"18":{"start":{"line":31,"column":6},"end":{"line":31,"column":47}},"19":{"start":{"line":32,"column":6},"end":{"line":32,"column":35}},"20":{"start":{"line":33,"column":6},"end":{"line":33,"column":35}},"21":{"start":{"line":34,"column":6},"end":{"line":34,"column":41}},"22":{"start":{"line":35,"column":6},"end":{"line":35,"column":41}},"23":{"start":{"line":36,"column":6},"end":{"line":36,"column":45}},"24":{"start":{"line":38,"column":6},"end":{"line":38,"column":25}},"25":{"start":{"line":41,"column":2},"end":{"line":44,"column":9}},"26":{"start":{"line":42,"column":4},"end":{"line":42,"column":23}},"27":{"start":{"line":46,"column":25},"end":{"line":56,"column":3}},"28":{"start":{"line":47,"column":4},"end":{"line":55,"column":5}},"29":{"start":{"line":48,"column":23},"end":{"line":48,"column":71}},"30":{"start":{"line":49,"column":6},"end":{"line":51,"column":7}},"31":{"start":{"line":50,"column":8},"end":{"line":50,"column":38}},"32":{"start":{"line":53,"column":6},"end":{"line":53,"column":25}},"33":{"start":{"line":54,"column":6},"end":{"line":54,"column":63}},"34":{"start":{"line":58,"column":2},"end":{"line":60,"column":9}},"35":{"start":{"line":59,"column":4},"end":{"line":59,"column":21}},"36":{"start":{"line":63,"column":23},"end":{"line":87,"column":3}},"37":{"start":{"line":64,"column":4},"end":{"line":64,"column":23}},"38":{"start":{"line":65,"column":4},"end":{"line":86,"column":5}},"39":{"start":{"line":66,"column":26},"end":{"line":66,"column":40}},"40":{"start":{"line":67,"column":6},"end":{"line":67,"column":39}},"41":{"start":{"line":68,"column":6},"end":{"line":68,"column":53}},"42":{"start":{"line":69,"column":6},"end":{"line":69,"column":41}},"43":{"start":{"line":70,"column":6},"end":{"line":70,"column":47}},"44":{"start":{"line":71,"column":6},"end":{"line":71,"column":50}},"45":{"start":{"line":72,"column":6},"end":{"line":72,"column":47}},"46":{"start":{"line":73,"column":23},"end":{"line":76,"column":7}},"47":{"start":{"line":77,"column":6},"end":{"line":82,"column":7}},"48":{"start":{"line":78,"column":8},"end":{"line":78,"column":35}},"49":{"start":{"line":80,"column":8},"end":{"line":80,"column":54}},"50":{"start":{"line":81,"column":8},"end":{"line":81,"column":46}},"51":{"start":{"line":84,"column":6},"end":{"line":84,"column":25}},"52":{"start":{"line":85,"column":6},"end":{"line":85,"column":42}},"53":{"start":{"line":90,"column":23},"end":{"line":103,"column":3}},"54":{"start":{"line":91,"column":4},"end":{"line":102,"column":5}},"55":{"start":{"line":92,"column":19},"end":{"line":92,"column":79}},"56":{"start":{"line":93,"column":6},"end":{"line":93,"column":26}},"57":{"start":{"line":93,"column":19},"end":{"line":93,"column":26}},"58":{"start":{"line":94,"column":23},"end":{"line":96,"column":7}},"59":{"start":{"line":97,"column":6},"end":{"line":97,"column":49}},"60":{"start":{"line":98,"column":6},"end":{"line":98,"column":44}},"61":{"start":{"line":100,"column":6},"end":{"line":100,"column":25}},"62":{"start":{"line":101,"column":6},"end":{"line":101,"column":42}},"63":{"start":{"line":104,"column":2},"end":{"line":232,"column":4}},"64":{"start":{"line":121,"column":18},"end":{"line":121,"column":37}},"65":{"start":{"line":126,"column":18},"end":{"line":128,"column":27}},"66":{"start":{"line":138,"column":37},"end":{"line":138,"column":64}},"67":{"start":{"line":170,"column":35},"end":{"line":170,"column":58}},"68":{"start":{"line":179,"column":35},"end":{"line":179,"column":65}},"69":{"start":{"line":189,"column":35},"end":{"line":189,"column":59}},"70":{"start":{"line":198,"column":35},"end":{"line":198,"column":62}},"71":{"start":{"line":209,"column":20},"end":{"line":209,"column":39}}},"fnMap":{"0":{"name":"(anonymous_0)","decl":{"start":{"line":10,"column":22},"end":{"line":10,"column":23}},"loc":{"start":{"line":10,"column":28},"end":{"line":233,"column":1}},"line":10},"1":{"name":"(anonymous_1)","decl":{"start":{"line":24,"column":27},"end":{"line":24,"column":28}},"loc":{"start":{"line":24,"column":39},"end":{"line":40,"column":3}},"line":24},"2":{"name":"(anonymous_2)","decl":{"start":{"line":41,"column":12},"end":{"line":41,"column":13}},"loc":{"start":{"line":41,"column":18},"end":{"line":44,"column":3}},"line":41},"3":{"name":"(anonymous_3)","decl":{"start":{"line":46,"column":25},"end":{"line":46,"column":26}},"loc":{"start":{"line":46,"column":37},"end":{"line":56,"column":3}},"line":46},"4":{"name":"(anonymous_4)","decl":{"start":{"line":58,"column":12},"end":{"line":58,"column":13}},"loc":{"start":{"line":58,"column":18},"end":{"line":60,"column":3}},"line":58},"5":{"name":"(anonymous_5)","decl":{"start":{"line":63,"column":23},"end":{"line":63,"column":24}},"loc":{"start":{"line":63,"column":36},"end":{"line":87,"column":3}},"line":63},"6":{"name":"(anonymous_6)","decl":{"start":{"line":90,"column":23},"end":{"line":90,"column":24}},"loc":{"start":{"line":90,"column":35},"end":{"line":103,"column":3}},"line":90},"7":{"name":"(anonymous_7)","decl":{"start":{"line":120,"column":26},"end":{"line":120,"column":27}},"loc":{"start":{"line":120,"column":37},"end":{"line":122,"column":17}},"line":120},"8":{"name":"(anonymous_8)","decl":{"start":{"line":125,"column":33},"end":{"line":125,"column":34}},"loc":{"start":{"line":126,"column":18},"end":{"line":128,"column":27}},"line":126},"9":{"name":"(anonymous_9)","decl":{"start":{"line":138,"column":30},"end":{"line":138,"column":31}},"loc":{"start":{"line":138,"column":37},"end":{"line":138,"column":64}},"line":138},"10":{"name":"(anonymous_10)","decl":{"start":{"line":170,"column":28},"end":{"line":170,"column":29}},"loc":{"start":{"line":170,"column":35},"end":{"line":170,"column":58}},"line":170},"11":{"name":"(anonymous_11)","decl":{"start":{"line":179,"column":28},"end":{"line":179,"column":29}},"loc":{"start":{"line":179,"column":35},"end":{"line":179,"column":65}},"line":179},"12":{"name":"(anonymous_12)","decl":{"start":{"line":189,"column":28},"end":{"line":189,"column":29}},"loc":{"start":{"line":189,"column":35},"end":{"line":189,"column":59}},"line":189},"13":{"name":"(anonymous_13)","decl":{"start":{"line":198,"column":28},"end":{"line":198,"column":29}},"loc":{"start":{"line":198,"column":35},"end":{"line":198,"column":62}},"line":198},"14":{"name":"(anonymous_14)","decl":{"start":{"line":208,"column":28},"end":{"line":208,"column":29}},"loc":{"start":{"line":208,"column":39},"end":{"line":210,"column":19}},"line":208}},"branchMap":{"0":{"loc":{"start":{"line":49,"column":6},"end":{"line":51,"column":7}},"type":"if","locations":[{"start":{"line":49,"column":6},"end":{"line":51,"column":7}},{"start":{},"end":{}}],"line":49},"1":{"loc":{"start":{"line":71,"column":6},"end":{"line":71,"column":49}},"type":"binary-expr","locations":[{"start":{"line":71,"column":6},"end":{"line":71,"column":11}},{"start":{"line":71,"column":15},"end":{"line":71,"column":49}}],"line":71},"2":{"loc":{"start":{"line":77,"column":6},"end":{"line":82,"column":7}},"type":"if","locations":[{"start":{"line":77,"column":6},"end":{"line":82,"column":7}},{"start":{"line":79,"column":13},"end":{"line":82,"column":7}}],"line":77},"3":{"loc":{"start":{"line":93,"column":6},"end":{"line":93,"column":26}},"type":"if","locations":[{"start":{"line":93,"column":6},"end":{"line":93,"column":26}},{"start":{},"end":{}}],"line":93},"4":{"loc":{"start":{"line":133,"column":19},"end":{"line":133,"column":54}},"type":"cond-expr","locations":[{"start":{"line":133,"column":27},"end":{"line":133,"column":37}},{"start":{"line":133,"column":40},"end":{"line":133,"column":54}}],"line":133},"5":{"loc":{"start":{"line":144,"column":17},"end":{"line":162,"column":17}},"type":"cond-expr","locations":[{"start":{"line":145,"column":18},"end":{"line":152,"column":24}},{"start":{"line":154,"column":18},"end":{"line":161,"column":24}}],"line":144},"6":{"loc":{"start":{"line":211,"column":25},"end":{"line":211,"column":48}},"type":"cond-expr","locations":[{"start":{"line":211,"column":36},"end":{"line":211,"column":41}},{"start":{"line":211,"column":44},"end":{"line":211,"column":48}}],"line":211}},"s":{"0":1,"1":1,"2":9,"3":9,"4":9,"5":9,"6":9,"7":9,"8":9,"9":9,"10":9,"11":9,"12":9,"13":9,"14":5,"15":5,"16":5,"17":5,"18":5,"19":5,"20":5,"21":5,"22":5,"23":5,"24":0,"25":9,"26":5,"27":9,"28":5,"29":5,"30":5,"31":5,"32":0,"33":0,"34":9,"35":5,"36":9,"37":2,"38":2,"39":2,"40":2,"41":2,"42":2,"43":2,"44":2,"45":2,"46":2,"47":1,"48":0,"49":1,"50":1,"51":1,"52":1,"53":9,"54":2,"55":2,"56":2,"57":0,"58":2,"59":1,"60":1,"61":1,"62":1,"63":9,"64":0,"65":8,"66":0,"67":1,"68":0,"69":0,"70":0,"71":0},"f":{"0":9,"1":5,"2":5,"3":5,"4":5,"5":2,"6":2,"7":0,"8":8,"9":0,"10":1,"11":0,"12":0,"13":0,"14":0},"b":{"0":[5,0],"1":[2,0],"2":[0,1],"3":[0,2],"4":[0,9],"5":[0,9],"6":[4,5]},"_coverageSchema":"1a1c01bbd47fc00a2c39e90264f33305004495a9","hash":"c1bd9565b2077c82d6e94898e3d51e8393d4630f"}
,"/Users/angyuze/Desktop/cs4218/cs4218-2420-ecom-project-team23/client/src/pages/admin/Users.js": {"path":"/Users/angyuze/Desktop/cs4218/cs4218-2420-ecom-project-team23/client/src/pages/admin/Users.js","statementMap":{"0":{"start":{"line":5,"column":14},"end":{"line":20,"column":1}},"1":{"start":{"line":6,"column":2},"end":{"line":19,"column":4}}},"fnMap":{"0":{"name":"(anonymous_0)","decl":{"start":{"line":5,"column":14},"end":{"line":5,"column":15}},"loc":{"start":{"line":5,"column":20},"end":{"line":20,"column":1}},"line":5}},"branchMap":{},"s":{"0":1,"1":1},"f":{"0":1},"b":{},"_coverageSchema":"1a1c01bbd47fc00a2c39e90264f33305004495a9","hash":"1de86eeeef3e3c902464780f6b828837cff614db"}
,"/Users/angyuze/Desktop/cs4218/cs4218-2420-ecom-project-team23/controllers/categoryController.js": {"path":"/Users/angyuze/Desktop/cs4218/cs4218-2420-ecom-project-team23/controllers/categoryController.js","statementMap":{"0":{"start":{"line":3,"column":40},"end":{"line":33,"column":1}},"1":{"start":{"line":4,"column":2},"end":{"line":32,"column":3}},"2":{"start":{"line":5,"column":21},"end":{"line":5,"column":29}},"3":{"start":{"line":6,"column":4},"end":{"line":8,"column":5}},"4":{"start":{"line":7,"column":6},"end":{"line":7,"column":67}},"5":{"start":{"line":9,"column":29},"end":{"line":9,"column":66}},"6":{"start":{"line":10,"column":4},"end":{"line":15,"column":5}},"7":{"start":{"line":11,"column":6},"end":{"line":14,"column":9}},"8":{"start":{"line":16,"column":21},"end":{"line":19,"column":13}},"9":{"start":{"line":20,"column":4},"end":{"line":24,"column":7}},"10":{"start":{"line":26,"column":4},"end":{"line":26,"column":23}},"11":{"start":{"line":27,"column":4},"end":{"line":31,"column":7}},"12":{"start":{"line":36,"column":40},"end":{"line":58,"column":1}},"13":{"start":{"line":37,"column":2},"end":{"line":57,"column":3}},"14":{"start":{"line":38,"column":21},"end":{"line":38,"column":29}},"15":{"start":{"line":39,"column":19},"end":{"line":39,"column":29}},"16":{"start":{"line":40,"column":21},"end":{"line":44,"column":5}},"17":{"start":{"line":45,"column":4},"end":{"line":49,"column":7}},"18":{"start":{"line":51,"column":4},"end":{"line":51,"column":23}},"19":{"start":{"line":52,"column":4},"end":{"line":56,"column":7}},"20":{"start":{"line":61,"column":35},"end":{"line":77,"column":1}},"21":{"start":{"line":62,"column":2},"end":{"line":76,"column":3}},"22":{"start":{"line":63,"column":21},"end":{"line":63,"column":49}},"23":{"start":{"line":64,"column":4},"end":{"line":68,"column":7}},"24":{"start":{"line":70,"column":4},"end":{"line":70,"column":23}},"25":{"start":{"line":71,"column":4},"end":{"line":75,"column":7}},"26":{"start":{"line":80,"column":40},"end":{"line":96,"column":1}},"27":{"start":{"line":81,"column":2},"end":{"line":95,"column":3}},"28":{"start":{"line":82,"column":21},"end":{"line":82,"column":75}},"29":{"start":{"line":83,"column":4},"end":{"line":87,"column":7}},"30":{"start":{"line":89,"column":4},"end":{"line":89,"column":23}},"31":{"start":{"line":90,"column":4},"end":{"line":94,"column":7}},"32":{"start":{"line":99,"column":40},"end":{"line":115,"column":1}},"33":{"start":{"line":100,"column":2},"end":{"line":114,"column":3}},"34":{"start":{"line":101,"column":19},"end":{"line":101,"column":29}},"35":{"start":{"line":102,"column":4},"end":{"line":102,"column":46}},"36":{"start":{"line":103,"column":4},"end":{"line":106,"column":7}},"37":{"start":{"line":108,"column":4},"end":{"line":108,"column":23}},"38":{"start":{"line":109,"column":4},"end":{"line":113,"column":7}}},"fnMap":{"0":{"name":"(anonymous_0)","decl":{"start":{"line":3,"column":40},"end":{"line":3,"column":41}},"loc":{"start":{"line":3,"column":60},"end":{"line":33,"column":1}},"line":3},"1":{"name":"(anonymous_1)","decl":{"start":{"line":36,"column":40},"end":{"line":36,"column":41}},"loc":{"start":{"line":36,"column":60},"end":{"line":58,"column":1}},"line":36},"2":{"name":"(anonymous_2)","decl":{"start":{"line":61,"column":35},"end":{"line":61,"column":36}},"loc":{"start":{"line":61,"column":55},"end":{"line":77,"column":1}},"line":61},"3":{"name":"(anonymous_3)","decl":{"start":{"line":80,"column":40},"end":{"line":80,"column":41}},"loc":{"start":{"line":80,"column":60},"end":{"line":96,"column":1}},"line":80},"4":{"name":"(anonymous_4)","decl":{"start":{"line":99,"column":40},"end":{"line":99,"column":41}},"loc":{"start":{"line":99,"column":60},"end":{"line":115,"column":1}},"line":99}},"branchMap":{"0":{"loc":{"start":{"line":6,"column":4},"end":{"line":8,"column":5}},"type":"if","locations":[{"start":{"line":6,"column":4},"end":{"line":8,"column":5}},{"start":{},"end":{}}],"line":6},"1":{"loc":{"start":{"line":10,"column":4},"end":{"line":15,"column":5}},"type":"if","locations":[{"start":{"line":10,"column":4},"end":{"line":15,"column":5}},{"start":{},"end":{}}],"line":10}},"s":{"0":1,"1":4,"2":4,"3":4,"4":1,"5":3,"6":2,"7":1,"8":1,"9":1,"10":1,"11":1,"12":1,"13":2,"14":2,"15":2,"16":2,"17":1,"18":1,"19":1,"20":1,"21":0,"22":0,"23":0,"24":0,"25":0,"26":1,"27":0,"28":0,"29":0,"30":0,"31":0,"32":1,"33":2,"34":2,"35":2,"36":1,"37":1,"38":1},"f":{"0":4,"1":2,"2":0,"3":0,"4":2},"b":{"0":[1,3],"1":[1,1]},"_coverageSchema":"1a1c01bbd47fc00a2c39e90264f33305004495a9","hash":"95bf0098e2773bec42d7b26982ae83448eac5e79"}
,"/Users/angyuze/Desktop/cs4218/cs4218-2420-ecom-project-team23/controllers/productController.js": {"path":"/Users/angyuze/Desktop/cs4218/cs4218-2420-ecom-project-team23/controllers/productController.js","statementMap":{"0":{"start":{"line":10,"column":0},"end":{"line":10,"column":16}},"1":{"start":{"line":13,"column":14},"end":{"line":18,"column":2}},"2":{"start":{"line":20,"column":39},"end":{"line":62,"column":1}},"3":{"start":{"line":21,"column":2},"end":{"line":61,"column":3}},"4":{"start":{"line":23,"column":6},"end":{"line":23,"column":16}},"5":{"start":{"line":24,"column":22},"end":{"line":24,"column":31}},"6":{"start":{"line":26,"column":4},"end":{"line":41,"column":5}},"7":{"start":{"line":28,"column":8},"end":{"line":28,"column":67}},"8":{"start":{"line":30,"column":8},"end":{"line":30,"column":74}},"9":{"start":{"line":32,"column":8},"end":{"line":32,"column":68}},"10":{"start":{"line":34,"column":8},"end":{"line":34,"column":71}},"11":{"start":{"line":36,"column":8},"end":{"line":36,"column":71}},"12":{"start":{"line":38,"column":8},"end":{"line":40,"column":76}},"13":{"start":{"line":43,"column":21},"end":{"line":43,"column":77}},"14":{"start":{"line":44,"column":4},"end":{"line":47,"column":5}},"15":{"start":{"line":45,"column":6},"end":{"line":45,"column":56}},"16":{"start":{"line":46,"column":6},"end":{"line":46,"column":46}},"17":{"start":{"line":48,"column":4},"end":{"line":48,"column":26}},"18":{"start":{"line":49,"column":4},"end":{"line":53,"column":7}},"19":{"start":{"line":55,"column":4},"end":{"line":55,"column":23}},"20":{"start":{"line":56,"column":4},"end":{"line":60,"column":7}},"21":{"start":{"line":65,"column":36},"end":{"line":87,"column":1}},"22":{"start":{"line":66,"column":2},"end":{"line":86,"column":3}},"23":{"start":{"line":67,"column":21},"end":{"line":72,"column":30}},"24":{"start":{"line":73,"column":4},"end":{"line":78,"column":7}},"25":{"start":{"line":80,"column":4},"end":{"line":80,"column":23}},"26":{"start":{"line":81,"column":4},"end":{"line":85,"column":7}},"27":{"start":{"line":89,"column":42},"end":{"line":108,"column":1}},"28":{"start":{"line":90,"column":2},"end":{"line":107,"column":3}},"29":{"start":{"line":91,"column":20},"end":{"line":94,"column":27}},"30":{"start":{"line":95,"column":4},"end":{"line":99,"column":7}},"31":{"start":{"line":101,"column":4},"end":{"line":101,"column":23}},"32":{"start":{"line":102,"column":4},"end":{"line":106,"column":7}},"33":{"start":{"line":111,"column":38},"end":{"line":126,"column":1}},"34":{"start":{"line":112,"column":2},"end":{"line":125,"column":3}},"35":{"start":{"line":113,"column":20},"end":{"line":113,"column":79}},"36":{"start":{"line":114,"column":4},"end":{"line":117,"column":5}},"37":{"start":{"line":115,"column":6},"end":{"line":115,"column":57}},"38":{"start":{"line":116,"column":6},"end":{"line":116,"column":54}},"39":{"start":{"line":119,"column":4},"end":{"line":119,"column":23}},"40":{"start":{"line":120,"column":4},"end":{"line":124,"column":7}},"41":{"start":{"line":129,"column":39},"end":{"line":144,"column":1}},"42":{"start":{"line":130,"column":2},"end":{"line":143,"column":3}},"43":{"start":{"line":131,"column":4},"end":{"line":131,"column":74}},"44":{"start":{"line":132,"column":4},"end":{"line":135,"column":7}},"45":{"start":{"line":137,"column":4},"end":{"line":137,"column":23}},"46":{"start":{"line":138,"column":4},"end":{"line":142,"column":7}},"47":{"start":{"line":147,"column":39},"end":{"line":193,"column":1}},"48":{"start":{"line":148,"column":2},"end":{"line":192,"column":3}},"49":{"start":{"line":150,"column":6},"end":{"line":150,"column":16}},"50":{"start":{"line":151,"column":22},"end":{"line":151,"column":31}},"51":{"start":{"line":153,"column":4},"end":{"line":168,"column":5}},"52":{"start":{"line":155,"column":8},"end":{"line":155,"column":67}},"53":{"start":{"line":157,"column":8},"end":{"line":157,"column":74}},"54":{"start":{"line":159,"column":8},"end":{"line":159,"column":68}},"55":{"start":{"line":161,"column":8},"end":{"line":161,"column":71}},"56":{"start":{"line":163,"column":8},"end":{"line":163,"column":71}},"57":{"start":{"line":165,"column":8},"end":{"line":167,"column":76}},"58":{"start":{"line":170,"column":21},"end":{"line":174,"column":5}},"59":{"start":{"line":175,"column":4},"end":{"line":178,"column":5}},"60":{"start":{"line":176,"column":6},"end":{"line":176,"column":56}},"61":{"start":{"line":177,"column":6},"end":{"line":177,"column":46}},"62":{"start":{"line":179,"column":4},"end":{"line":179,"column":26}},"63":{"start":{"line":180,"column":4},"end":{"line":184,"column":7}},"64":{"start":{"line":186,"column":4},"end":{"line":186,"column":23}},"65":{"start":{"line":187,"column":4},"end":{"line":191,"column":7}},"66":{"start":{"line":196,"column":40},"end":{"line":215,"column":1}},"67":{"start":{"line":197,"column":2},"end":{"line":214,"column":3}},"68":{"start":{"line":198,"column":31},"end":{"line":198,"column":39}},"69":{"start":{"line":199,"column":15},"end":{"line":199,"column":17}},"70":{"start":{"line":200,"column":4},"end":{"line":200,"column":52}},"71":{"start":{"line":200,"column":28},"end":{"line":200,"column":52}},"72":{"start":{"line":201,"column":4},"end":{"line":201,"column":70}},"73":{"start":{"line":201,"column":22},"end":{"line":201,"column":70}},"74":{"start":{"line":202,"column":21},"end":{"line":202,"column":50}},"75":{"start":{"line":203,"column":4},"end":{"line":206,"column":7}},"76":{"start":{"line":208,"column":4},"end":{"line":208,"column":23}},"77":{"start":{"line":209,"column":4},"end":{"line":213,"column":7}},"78":{"start":{"line":218,"column":38},"end":{"line":233,"column":1}},"79":{"start":{"line":219,"column":2},"end":{"line":232,"column":3}},"80":{"start":{"line":220,"column":18},"end":{"line":220,"column":70}},"81":{"start":{"line":221,"column":4},"end":{"line":224,"column":7}},"82":{"start":{"line":226,"column":4},"end":{"line":226,"column":23}},"83":{"start":{"line":227,"column":4},"end":{"line":231,"column":7}},"84":{"start":{"line":236,"column":37},"end":{"line":258,"column":1}},"85":{"start":{"line":237,"column":2},"end":{"line":257,"column":3}},"86":{"start":{"line":238,"column":20},"end":{"line":238,"column":21}},"87":{"start":{"line":239,"column":17},"end":{"line":239,"column":54}},"88":{"start":{"line":240,"column":21},"end":{"line":245,"column":30}},"89":{"start":{"line":246,"column":4},"end":{"line":249,"column":7}},"90":{"start":{"line":251,"column":4},"end":{"line":251,"column":23}},"91":{"start":{"line":252,"column":4},"end":{"line":256,"column":7}},"92":{"start":{"line":261,"column":39},"end":{"line":281,"column":1}},"93":{"start":{"line":262,"column":2},"end":{"line":280,"column":3}},"94":{"start":{"line":263,"column":24},"end":{"line":263,"column":34}},"95":{"start":{"line":264,"column":20},"end":{"line":271,"column":23}},"96":{"start":{"line":272,"column":4},"end":{"line":272,"column":22}},"97":{"start":{"line":274,"column":4},"end":{"line":274,"column":23}},"98":{"start":{"line":275,"column":4},"end":{"line":279,"column":7}},"99":{"start":{"line":284,"column":40},"end":{"line":307,"column":1}},"100":{"start":{"line":285,"column":2},"end":{"line":306,"column":3}},"101":{"start":{"line":286,"column":25},"end":{"line":286,"column":35}},"102":{"start":{"line":287,"column":21},"end":{"line":294,"column":27}},"103":{"start":{"line":295,"column":4},"end":{"line":298,"column":7}},"104":{"start":{"line":300,"column":4},"end":{"line":300,"column":23}},"105":{"start":{"line":301,"column":4},"end":{"line":305,"column":7}},"106":{"start":{"line":310,"column":41},"end":{"line":327,"column":1}},"107":{"start":{"line":311,"column":2},"end":{"line":326,"column":3}},"108":{"start":{"line":312,"column":21},"end":{"line":312,"column":75}},"109":{"start":{"line":313,"column":21},"end":{"line":313,"column":79}},"110":{"start":{"line":314,"column":4},"end":{"line":318,"column":7}},"111":{"start":{"line":320,"column":4},"end":{"line":320,"column":23}},"112":{"start":{"line":321,"column":4},"end":{"line":325,"column":7}},"113":{"start":{"line":331,"column":40},"end":{"line":343,"column":1}},"114":{"start":{"line":332,"column":2},"end":{"line":342,"column":3}},"115":{"start":{"line":333,"column":4},"end":{"line":339,"column":7}},"116":{"start":{"line":334,"column":6},"end":{"line":338,"column":7}},"117":{"start":{"line":335,"column":8},"end":{"line":335,"column":34}},"118":{"start":{"line":337,"column":8},"end":{"line":337,"column":27}},"119":{"start":{"line":341,"column":4},"end":{"line":341,"column":23}},"120":{"start":{"line":346,"column":42},"end":{"line":377,"column":1}},"121":{"start":{"line":347,"column":2},"end":{"line":376,"column":3}},"122":{"start":{"line":348,"column":28},"end":{"line":348,"column":36}},"123":{"start":{"line":349,"column":16},"end":{"line":349,"column":17}},"124":{"start":{"line":350,"column":4},"end":{"line":352,"column":7}},"125":{"start":{"line":351,"column":6},"end":{"line":351,"column":23}},"126":{"start":{"line":353,"column":25},"end":{"line":373,"column":5}},"127":{"start":{"line":362,"column":8},"end":{"line":371,"column":9}},"128":{"start":{"line":363,"column":24},"end":{"line":367,"column":19}},"129":{"start":{"line":368,"column":10},"end":{"line":368,"column":33}},"130":{"start":{"line":370,"column":10},"end":{"line":370,"column":38}},"131":{"start":{"line":375,"column":4},"end":{"line":375,"column":23}}},"fnMap":{"0":{"name":"(anonymous_0)","decl":{"start":{"line":20,"column":39},"end":{"line":20,"column":40}},"loc":{"start":{"line":20,"column":59},"end":{"line":62,"column":1}},"line":20},"1":{"name":"(anonymous_1)","decl":{"start":{"line":65,"column":36},"end":{"line":65,"column":37}},"loc":{"start":{"line":65,"column":56},"end":{"line":87,"column":1}},"line":65},"2":{"name":"(anonymous_2)","decl":{"start":{"line":89,"column":42},"end":{"line":89,"column":43}},"loc":{"start":{"line":89,"column":62},"end":{"line":108,"column":1}},"line":89},"3":{"name":"(anonymous_3)","decl":{"start":{"line":111,"column":38},"end":{"line":111,"column":39}},"loc":{"start":{"line":111,"column":58},"end":{"line":126,"column":1}},"line":111},"4":{"name":"(anonymous_4)","decl":{"start":{"line":129,"column":39},"end":{"line":129,"column":40}},"loc":{"start":{"line":129,"column":59},"end":{"line":144,"column":1}},"line":129},"5":{"name":"(anonymous_5)","decl":{"start":{"line":147,"column":39},"end":{"line":147,"column":40}},"loc":{"start":{"line":147,"column":59},"end":{"line":193,"column":1}},"line":147},"6":{"name":"(anonymous_6)","decl":{"start":{"line":196,"column":40},"end":{"line":196,"column":41}},"loc":{"start":{"line":196,"column":60},"end":{"line":215,"column":1}},"line":196},"7":{"name":"(anonymous_7)","decl":{"start":{"line":218,"column":38},"end":{"line":218,"column":39}},"loc":{"start":{"line":218,"column":58},"end":{"line":233,"column":1}},"line":218},"8":{"name":"(anonymous_8)","decl":{"start":{"line":236,"column":37},"end":{"line":236,"column":38}},"loc":{"start":{"line":236,"column":57},"end":{"line":258,"column":1}},"line":236},"9":{"name":"(anonymous_9)","decl":{"start":{"line":261,"column":39},"end":{"line":261,"column":40}},"loc":{"start":{"line":261,"column":59},"end":{"line":281,"column":1}},"line":261},"10":{"name":"(anonymous_10)","decl":{"start":{"line":284,"column":40},"end":{"line":284,"column":41}},"loc":{"start":{"line":284,"column":60},"end":{"line":307,"column":1}},"line":284},"11":{"name":"(anonymous_11)","decl":{"start":{"line":310,"column":41},"end":{"line":310,"column":42}},"loc":{"start":{"line":310,"column":61},"end":{"line":327,"column":1}},"line":310},"12":{"name":"(anonymous_12)","decl":{"start":{"line":331,"column":40},"end":{"line":331,"column":41}},"loc":{"start":{"line":331,"column":60},"end":{"line":343,"column":1}},"line":331},"13":{"name":"(anonymous_13)","decl":{"start":{"line":333,"column":37},"end":{"line":333,"column":38}},"loc":{"start":{"line":333,"column":62},"end":{"line":339,"column":5}},"line":333},"14":{"name":"(anonymous_14)","decl":{"start":{"line":346,"column":42},"end":{"line":346,"column":43}},"loc":{"start":{"line":346,"column":62},"end":{"line":377,"column":1}},"line":346},"15":{"name":"(anonymous_15)","decl":{"start":{"line":350,"column":13},"end":{"line":350,"column":14}},"loc":{"start":{"line":350,"column":20},"end":{"line":352,"column":5}},"line":350},"16":{"name":"(anonymous_16)","decl":{"start":{"line":361,"column":6},"end":{"line":361,"column":7}},"loc":{"start":{"line":361,"column":31},"end":{"line":372,"column":7}},"line":361}},"branchMap":{"0":{"loc":{"start":{"line":26,"column":4},"end":{"line":41,"column":5}},"type":"switch","locations":[{"start":{"line":27,"column":6},"end":{"line":28,"column":67}},{"start":{"line":29,"column":6},"end":{"line":30,"column":74}},{"start":{"line":31,"column":6},"end":{"line":32,"column":68}},{"start":{"line":33,"column":6},"end":{"line":34,"column":71}},{"start":{"line":35,"column":6},"end":{"line":36,"column":71}},{"start":{"line":37,"column":6},"end":{"line":40,"column":76}}],"line":26},"1":{"loc":{"start":{"line":37,"column":11},"end":{"line":37,"column":40}},"type":"binary-expr","locations":[{"start":{"line":37,"column":11},"end":{"line":37,"column":16}},{"start":{"line":37,"column":20},"end":{"line":37,"column":40}}],"line":37},"2":{"loc":{"start":{"line":44,"column":4},"end":{"line":47,"column":5}},"type":"if","locations":[{"start":{"line":44,"column":4},"end":{"line":47,"column":5}},{"start":{},"end":{}}],"line":44},"3":{"loc":{"start":{"line":114,"column":4},"end":{"line":117,"column":5}},"type":"if","locations":[{"start":{"line":114,"column":4},"end":{"line":117,"column":5}},{"start":{},"end":{}}],"line":114},"4":{"loc":{"start":{"line":153,"column":4},"end":{"line":168,"column":5}},"type":"switch","locations":[{"start":{"line":154,"column":6},"end":{"line":155,"column":67}},{"start":{"line":156,"column":6},"end":{"line":157,"column":74}},{"start":{"line":158,"column":6},"end":{"line":159,"column":68}},{"start":{"line":160,"column":6},"end":{"line":161,"column":71}},{"start":{"line":162,"column":6},"end":{"line":163,"column":71}},{"start":{"line":164,"column":6},"end":{"line":167,"column":76}}],"line":153},"5":{"loc":{"start":{"line":164,"column":11},"end":{"line":164,"column":40}},"type":"binary-expr","locations":[{"start":{"line":164,"column":11},"end":{"line":164,"column":16}},{"start":{"line":164,"column":20},"end":{"line":164,"column":40}}],"line":164},"6":{"loc":{"start":{"line":175,"column":4},"end":{"line":178,"column":5}},"type":"if","locations":[{"start":{"line":175,"column":4},"end":{"line":178,"column":5}},{"start":{},"end":{}}],"line":175},"7":{"loc":{"start":{"line":200,"column":4},"end":{"line":200,"column":52}},"type":"if","locations":[{"start":{"line":200,"column":4},"end":{"line":200,"column":52}},{"start":{},"end":{}}],"line":200},"8":{"loc":{"start":{"line":201,"column":4},"end":{"line":201,"column":70}},"type":"if","locations":[{"start":{"line":201,"column":4},"end":{"line":201,"column":70}},{"start":{},"end":{}}],"line":201},"9":{"loc":{"start":{"line":239,"column":17},"end":{"line":239,"column":54}},"type":"cond-expr","locations":[{"start":{"line":239,"column":35},"end":{"line":239,"column":50}},{"start":{"line":239,"column":53},"end":{"line":239,"column":54}}],"line":239},"10":{"loc":{"start":{"line":334,"column":6},"end":{"line":338,"column":7}},"type":"if","locations":[{"start":{"line":334,"column":6},"end":{"line":338,"column":7}},{"start":{"line":336,"column":13},"end":{"line":338,"column":7}}],"line":334},"11":{"loc":{"start":{"line":362,"column":8},"end":{"line":371,"column":9}},"type":"if","locations":[{"start":{"line":362,"column":8},"end":{"line":371,"column":9}},{"start":{"line":369,"column":15},"end":{"line":371,"column":9}}],"line":362}},"s":{"0":1,"1":1,"2":1,"3":2,"4":2,"5":2,"6":2,"7":0,"8":1,"9":0,"10":0,"11":0,"12":0,"13":1,"14":1,"15":0,"16":0,"17":1,"18":1,"19":0,"20":0,"21":1,"22":0,"23":0,"24":0,"25":0,"26":0,"27":1,"28":0,"29":0,"30":0,"31":0,"32":0,"33":1,"34":0,"35":0,"36":0,"37":0,"38":0,"39":0,"40":0,"41":1,"42":2,"43":2,"44":0,"45":2,"46":2,"47":1,"48":2,"49":2,"50":2,"51":2,"52":1,"53":0,"54":0,"55":0,"56":0,"57":0,"58":1,"59":1,"60":0,"61":0,"62":1,"63":1,"64":0,"65":0,"66":1,"67":0,"68":0,"69":0,"70":0,"71":0,"72":0,"73":0,"74":0,"75":0,"76":0,"77":0,"78":1,"79":0,"80":0,"81":0,"82":0,"83":0,"84":1,"85":0,"86":0,"87":0,"88":0,"89":0,"90":0,"91":0,"92":1,"93":0,"94":0,"95":0,"96":0,"97":0,"98":0,"99":1,"100":0,"101":0,"102":0,"103":0,"104":0,"105":0,"106":1,"107":0,"108":0,"109":0,"110":0,"111":0,"112":0,"113":1,"114":0,"115":0,"116":0,"117":0,"118":0,"119":0,"120":1,"121":0,"122":0,"123":0,"124":0,"125":0,"126":0,"127":0,"128":0,"129":0,"130":0,"131":0},"f":{"0":2,"1":0,"2":0,"3":0,"4":2,"5":2,"6":0,"7":0,"8":0,"9":0,"10":0,"11":0,"12":0,"13":0,"14":0,"15":0,"16":0},"b":{"0":[0,1,0,0,0,0],"1":[1,0],"2":[0,1],"3":[0,0],"4":[1,0,0,0,0,0],"5":[1,0],"6":[0,1],"7":[0,0],"8":[0,0],"9":[0,0],"10":[0,0],"11":[0,0]},"_coverageSchema":"1a1c01bbd47fc00a2c39e90264f33305004495a9","hash":"ecdcf183b833565b5b51800cb0ba1030279261b9"}
}
