TN:
SF:client/src/context/auth.js
FN:6,(anonymous_0)
FN:15,(anonymous_1)
FN:35,(anonymous_2)
FNF:3
FNH:0
FNDA:0,(anonymous_0)
FNDA:0,(anonymous_1)
FNDA:0,(anonymous_2)
DA:4,0
DA:6,0
DA:7,0
DA:13,0
DA:15,0
DA:16,0
DA:17,0
DA:18,0
DA:19,0
DA:27,0
DA:35,0
LF:11
LH:0
BRDA:17,0,0,0
BRDA:17,0,1,0
BRF:2
BRH:0
end_of_record
TN:
SF:client/src/context/cart.js
FN:4,(anonymous_0)
FN:7,(anonymous_1)
FN:20,(anonymous_2)
FNF:3
FNH:0
FNDA:0,(anonymous_0)
FNDA:0,(anonymous_1)
FNDA:0,(anonymous_2)
DA:3,0
DA:4,0
DA:5,0
DA:7,0
DA:8,0
DA:9,0
DA:12,0
DA:20,0
LF:8
LH:0
BRDA:9,0,0,0
BRDA:9,0,1,0
BRF:2
BRH:0
end_of_record
TN:
SF:client/src/context/search.js
FN:4,(anonymous_0)
FN:18,(anonymous_1)
FNF:2
FNH:0
FNDA:0,(anonymous_0)
FNDA:0,(anonymous_1)
DA:3,0
DA:4,0
DA:5,0
DA:10,0
DA:18,0
LF:5
LH:0
BRF:0
BRH:0
end_of_record
TN:
SF:client/src/hooks/useCategory.js
FN:4,useCategory
FN:8,(anonymous_1)
FN:17,(anonymous_2)
FNF:3
FNH:3
FNDA:27,useCategory
FNDA:7,(anonymous_1)
FNDA:7,(anonymous_2)
DA:5,27
DA:8,27
DA:9,7
DA:10,7
DA:11,0
DA:13,7
DA:17,27
DA:18,7
DA:21,27
LF:9
LH:8
BRF:0
BRH:0
end_of_record
TN:
SF:client/src/pages/About.js
FN:4,(anonymous_0)
FNF:1
FNH:0
FNDA:0,(anonymous_0)
DA:4,0
DA:5,0
LF:2
LH:0
BRF:0
BRH:0
end_of_record
TN:
SF:client/src/pages/CartPage.js
FN:12,(anonymous_0)
FN:21,(anonymous_1)
FN:24,(anonymous_2)
FN:36,(anonymous_3)
FN:39,(anonymous_4)
FN:49,(anonymous_5)
FN:57,(anonymous_6)
FN:62,(anonymous_7)
FN:102,(anonymous_8)
FN:121,(anonymous_9)
FN:141,(anonymous_10)
FN:152,(anonymous_11)
FN:159,(anonymous_12)
FN:182,(anonymous_13)
FNF:14
FNH:0
FNDA:0,(anonymous_0)
FNDA:0,(anonymous_1)
FNDA:0,(anonymous_2)
FNDA:0,(anonymous_3)
FNDA:0,(anonymous_4)
FNDA:0,(anonymous_5)
FNDA:0,(anonymous_6)
FNDA:0,(anonymous_7)
FNDA:0,(anonymous_8)
FNDA:0,(anonymous_9)
FNDA:0,(anonymous_10)
FNDA:0,(anonymous_11)
FNDA:0,(anonymous_12)
FNDA:0,(anonymous_13)
DA:12,0
DA:13,0
DA:14,0
DA:15,0
DA:16,0
DA:17,0
DA:18,0
DA:21,0
DA:22,0
DA:23,0
DA:24,0
DA:25,0
DA:27,0
DA:32,0
DA:36,0
DA:37,0
DA:38,0
DA:39,0
DA:40,0
DA:41,0
DA:42,0
DA:44,0
DA:49,0
DA:50,0
DA:51,0
DA:52,0
DA:54,0
DA:57,0
DA:58,0
DA:62,0
DA:63,0
DA:64,0
DA:65,0
DA:66,0
DA:70,0
DA:71,0
DA:72,0
DA:73,0
DA:74,0
DA:76,0
DA:77,0
DA:80,0
DA:103,0
DA:121,0
DA:141,0
DA:152,0
DA:160,0
DA:182,0
LF:48
LH:0
BRDA:86,0,0,0
BRDA:86,0,1,0
BRDA:88,1,0,0
BRDA:88,1,1,0
BRDA:90,2,0,0
BRDA:90,2,1,0
BRDA:92,3,0,0
BRDA:92,3,1,0
BRDA:134,4,0,0
BRDA:134,4,1,0
BRDA:149,5,0,0
BRDA:149,5,1,0
BRDA:171,6,0,0
BRDA:171,6,1,0
BRDA:171,7,0,0
BRDA:171,7,1,0
BRDA:171,7,2,0
BRDA:188,8,0,0
BRDA:188,8,1,0
BRDA:188,8,2,0
BRDA:190,9,0,0
BRDA:190,9,1,0
BRF:22
BRH:0
end_of_record
TN:
SF:client/src/pages/Categories.js
FN:5,(anonymous_0)
FN:11,(anonymous_1)
FNF:2
FNH:0
FNDA:0,(anonymous_0)
FNDA:0,(anonymous_1)
DA:5,0
DA:6,0
DA:7,0
DA:12,0
LF:4
LH:0
BRF:0
BRH:0
end_of_record
TN:
SF:client/src/pages/CategoryProduct.js
FN:6,(anonymous_0)
FN:12,(anonymous_1)
FN:15,(anonymous_2)
FN:35,(anonymous_3)
FN:58,(anonymous_4)
FNF:5
FNH:0
FNDA:0,(anonymous_0)
FNDA:0,(anonymous_1)
FNDA:0,(anonymous_2)
FNDA:0,(anonymous_3)
FNDA:0,(anonymous_4)
DA:6,0
DA:7,0
DA:8,0
DA:9,0
DA:10,0
DA:12,0
DA:13,0
DA:15,0
DA:16,0
DA:17,0
DA:20,0
DA:21,0
DA:23,0
DA:27,0
DA:36,0
DA:58,0
LF:16
LH:0
BRDA:13,0,0,0
BRDA:13,0,1,0
BRF:2
BRH:0
end_of_record
TN:
SF:client/src/pages/Contact.js
FN:4,(anonymous_0)
FNF:1
FNH:0
FNDA:0,(anonymous_0)
DA:4,0
DA:5,0
LF:2
LH:0
BRF:0
BRH:0
end_of_record
TN:
SF:client/src/pages/HomePage.js
FN:12,(anonymous_0)
FN:24,(anonymous_1)
FN:35,(anonymous_2)
FN:40,(anonymous_3)
FN:53,(anonymous_4)
FN:62,(anonymous_5)
FN:67,(anonymous_6)
FN:80,(anonymous_7)
FN:85,(anonymous_8)
FN:89,(anonymous_9)
FN:93,(anonymous_10)
FN:98,(anonymous_11)
FN:123,(anonymous_12)
FN:126,(anonymous_13)
FN:135,(anonymous_14)
FN:136,(anonymous_15)
FN:146,(anonymous_16)
FN:155,(anonymous_17)
FN:178,(anonymous_18)
FN:184,(anonymous_19)
FN:204,(anonymous_20)
FNF:21
FNH:0
FNDA:0,(anonymous_0)
FNDA:0,(anonymous_1)
FNDA:0,(anonymous_2)
FNDA:0,(anonymous_3)
FNDA:0,(anonymous_4)
FNDA:0,(anonymous_5)
FNDA:0,(anonymous_6)
FNDA:0,(anonymous_7)
FNDA:0,(anonymous_8)
FNDA:0,(anonymous_9)
FNDA:0,(anonymous_10)
FNDA:0,(anonymous_11)
FNDA:0,(anonymous_12)
FNDA:0,(anonymous_13)
FNDA:0,(anonymous_14)
FNDA:0,(anonymous_15)
FNDA:0,(anonymous_16)
FNDA:0,(anonymous_17)
FNDA:0,(anonymous_18)
FNDA:0,(anonymous_19)
FNDA:0,(anonymous_20)
DA:12,0
DA:13,0
DA:14,0
DA:15,0
DA:16,0
DA:17,0
DA:18,0
DA:19,0
DA:20,0
DA:21,0
DA:24,0
DA:25,0
DA:26,0
DA:27,0
DA:28,0
DA:31,0
DA:35,0
DA:36,0
DA:37,0
DA:40,0
DA:41,0
DA:42,0
DA:43,0
DA:44,0
DA:45,0
DA:47,0
DA:48,0
DA:53,0
DA:54,0
DA:55,0
DA:56,0
DA:58,0
DA:62,0
DA:63,0
DA:64,0
DA:67,0
DA:68,0
DA:69,0
DA:70,0
DA:71,0
DA:72,0
DA:74,0
DA:75,0
DA:80,0
DA:81,0
DA:82,0
DA:83,0
DA:85,0
DA:87,0
DA:89,0
DA:90,0
DA:93,0
DA:94,0
DA:98,0
DA:99,0
DA:100,0
DA:104,0
DA:106,0
DA:109,0
DA:124,0
DA:126,0
DA:135,0
DA:137,0
DA:146,0
DA:156,0
DA:178,0
DA:185,0
DA:186,0
DA:190,0
DA:205,0
DA:206,0
LF:71
LH:0
BRDA:27,0,0,0
BRDA:27,0,1,0
BRDA:63,1,0,0
BRDA:63,1,1,0
BRDA:82,2,0,0
BRDA:82,2,1,0
BRDA:90,3,0,0
BRDA:90,3,1,0
BRDA:90,4,0,0
BRDA:90,4,1,0
BRDA:94,5,0,0
BRDA:94,5,1,0
BRDA:94,6,0,0
BRDA:94,6,1,0
BRDA:201,7,0,0
BRDA:201,7,1,0
BRDA:201,7,2,0
BRDA:209,8,0,0
BRDA:209,8,1,0
BRF:19
BRH:0
end_of_record
TN:
SF:client/src/pages/Pagenotfound.js
FN:5,(anonymous_0)
FNF:1
FNH:0
FNDA:0,(anonymous_0)
DA:5,0
DA:6,0
LF:2
LH:0
BRF:0
BRH:0
end_of_record
TN:
SF:client/src/pages/Policy.js
FN:4,(anonymous_0)
FNF:1
FNH:0
FNDA:0,(anonymous_0)
DA:4,0
DA:5,0
LF:2
LH:0
BRF:0
BRH:0
end_of_record
TN:
SF:client/src/pages/ProductDetails.js
FN:7,(anonymous_0)
FN:14,(anonymous_1)
FN:18,(anonymous_2)
FN:30,(anonymous_3)
FN:75,(anonymous_4)
FN:98,(anonymous_5)
FNF:6
FNH:0
FNDA:0,(anonymous_0)
FNDA:0,(anonymous_1)
FNDA:0,(anonymous_2)
FNDA:0,(anonymous_3)
FNDA:0,(anonymous_4)
FNDA:0,(anonymous_5)
DA:7,0
DA:8,0
DA:9,0
DA:10,0
DA:11,0
DA:14,0
DA:15,0
DA:18,0
DA:19,0
DA:20,0
DA:23,0
DA:24,0
DA:26,0
DA:30,0
DA:31,0
DA:32,0
DA:35,0
DA:37,0
DA:40,0
DA:76,0
DA:98,0
LF:21
LH:0
BRDA:15,0,0,0
BRDA:15,0,1,0
BRDA:71,1,0,0
BRDA:71,1,1,0
BRF:4
BRH:0
end_of_record
TN:
SF:client/src/pages/Search.js
FN:4,(anonymous_0)
FN:17,(anonymous_1)
FNF:2
FNH:0
FNDA:0,(anonymous_0)
FNDA:0,(anonymous_1)
DA:4,0
DA:5,0
DA:6,0
DA:18,0
LF:4
LH:0
BRDA:12,0,0,0
BRDA:12,0,1,0
BRF:2
BRH:0
end_of_record
TN:
SF:client/src/pages/Auth/Login.js
FN:9,(anonymous_0)
FN:20,(anonymous_1)
FN:62,(anonymous_2)
FN:73,(anonymous_3)
FN:84,(anonymous_4)
FNF:5
FNH:4
FNDA:11,(anonymous_0)
FNDA:2,(anonymous_1)
FNDA:3,(anonymous_2)
FNDA:3,(anonymous_3)
FNDA:0,(anonymous_4)
DA:9,1
DA:10,11
DA:11,11
DA:12,11
DA:15,11
DA:16,11
DA:20,11
DA:21,2
DA:22,2
DA:23,2
DA:27,1
DA:28,1
DA:36,1
DA:41,1
DA:42,1
DA:44,0
DA:47,1
DA:48,1
DA:51,11
DA:62,3
DA:73,3
DA:85,0
LF:22
LH:20
BRDA:27,0,0,1
BRDA:27,0,1,0
BRDA:27,1,0,1
BRDA:27,1,1,1
BRDA:28,2,0,1
BRDA:28,2,1,1
BRDA:42,3,0,1
BRDA:42,3,1,1
BRF:8
BRH:7
end_of_record
TN:
SF:client/src/pages/Auth/Register.js
FN:7,(anonymous_0)
FN:18,(anonymous_1)
FN:51,(anonymous_2)
FN:63,(anonymous_3)
FN:74,(anonymous_4)
FN:85,(anonymous_5)
FN:96,(anonymous_6)
FN:107,(anonymous_7)
FN:118,(anonymous_8)
FNF:9
FNH:9
FNDA:16,(anonymous_0)
FNDA:2,(anonymous_1)
FNDA:2,(anonymous_2)
FNDA:2,(anonymous_3)
FNDA:2,(anonymous_4)
FNDA:2,(anonymous_5)
FNDA:2,(anonymous_6)
FNDA:2,(anonymous_7)
FNDA:2,(anonymous_8)
DA:7,1
DA:8,16
DA:9,16
DA:10,16
DA:11,16
DA:12,16
DA:13,16
DA:14,16
DA:15,16
DA:18,16
DA:19,2
DA:20,2
DA:21,2
DA:30,1
DA:31,1
DA:32,1
DA:34,0
DA:37,1
DA:38,1
DA:42,16
DA:51,2
DA:63,2
DA:74,2
DA:85,2
DA:96,2
DA:107,2
DA:118,2
LF:27
LH:26
BRDA:30,0,0,1
BRDA:30,0,1,0
BRDA:30,1,0,1
BRDA:30,1,1,1
BRF:4
BRH:3
end_of_record
TN:
SF:client/src/pages/admin/AdminDashboard.js
FN:5,(anonymous_0)
FNF:1
FNH:1
FNDA:2,(anonymous_0)
DA:5,1
DA:6,2
DA:7,2
LF:3
LH:3
BRF:0
BRH:0
end_of_record
TN:
SF:client/src/pages/admin/AdminOrders.js
FN:11,(anonymous_0)
FN:22,(anonymous_1)
FN:31,(anonymous_2)
FN:35,(anonymous_3)
FN:53,(anonymous_4)
FN:73,(anonymous_5)
FN:76,(anonymous_6)
FN:91,(anonymous_7)
FNF:8
FNH:8
FNDA:12,(anonymous_0)
FNDA:8,(anonymous_1)
FNDA:7,(anonymous_2)
FNDA:1,(anonymous_3)
FNDA:4,(anonymous_4)
FNDA:1,(anonymous_5)
FNDA:20,(anonymous_6)
FNDA:3,(anonymous_7)
DA:9,1
DA:11,1
DA:12,12
DA:19,11
DA:20,11
DA:21,11
DA:22,11
DA:23,8
DA:24,8
DA:25,6
DA:27,2
DA:31,11
DA:32,7
DA:35,11
DA:36,1
DA:37,1
DA:40,1
DA:42,0
DA:45,11
DA:54,4
DA:73,1
DA:77,20
DA:92,3
LF:23
LH:22
BRDA:32,0,0,7
BRDA:32,0,1,0
BRDA:85,1,0,3
BRDA:85,1,1,1
BRF:4
BRH:3
end_of_record
TN:
SF:client/src/pages/admin/CreateCategory.js
FN:8,(anonymous_0)
FN:15,(anonymous_1)
FN:34,(anonymous_2)
FN:46,(anonymous_3)
FN:51,(anonymous_4)
FN:72,(anonymous_5)
FN:113,(anonymous_6)
FN:120,(anonymous_7)
FN:130,(anonymous_8)
FN:144,(anonymous_9)
FNF:10
FNH:10
FNDA:116,(anonymous_0)
FNDA:3,(anonymous_1)
FNDA:15,(anonymous_2)
FNDA:12,(anonymous_3)
FNDA:3,(anonymous_4)
FNDA:3,(anonymous_5)
FNDA:75,(anonymous_6)
FNDA:4,(anonymous_7)
FNDA:3,(anonymous_8)
FNDA:1,(anonymous_9)
DA:8,1
DA:9,116
DA:10,115
DA:11,115
DA:12,115
DA:13,115
DA:15,115
DA:16,3
DA:17,3
DA:18,3
DA:21,2
DA:22,1
DA:23,1
DA:25,1
DA:28,1
DA:29,1
DA:34,115
DA:35,15
DA:36,15
DA:37,8
DA:38,8
DA:41,7
DA:42,7
DA:46,115
DA:47,12
DA:51,115
DA:52,3
DA:53,3
DA:54,3
DA:58,2
DA:59,1
DA:60,1
DA:61,1
DA:62,1
DA:63,1
DA:65,1
DA:68,1
DA:72,115
DA:73,3
DA:74,3
DA:77,2
DA:78,1
DA:80,1
DA:82,1
DA:85,1
DA:88,115
DA:114,75
DA:121,4
DA:122,4
DA:123,4
DA:131,3
DA:144,1
LF:52
LH:52
BRDA:21,0,0,1
BRDA:21,0,1,1
BRDA:37,1,0,8
BRDA:37,1,1,0
BRDA:58,2,0,1
BRDA:58,2,1,1
BRDA:77,3,0,1
BRDA:77,3,1,1
BRF:8
BRH:7
end_of_record
TN:
SF:client/src/pages/admin/CreateProduct.js
FN:10,(anonymous_0)
FN:22,(anonymous_1)
FN:34,(anonymous_2)
FN:39,(anonymous_3)
FN:81,(anonymous_4)
FN:85,(anonymous_5)
FN:98,(anonymous_6)
FN:121,(anonymous_7)
FN:130,(anonymous_8)
FN:140,(anonymous_9)
FN:149,(anonymous_10)
FN:159,(anonymous_11)
FNF:12
FNH:7
FNDA:11,(anonymous_0)
FNDA:7,(anonymous_1)
FNDA:7,(anonymous_2)
FNDA:4,(anonymous_3)
FNDA:0,(anonymous_4)
FNDA:2,(anonymous_5)
FNDA:1,(anonymous_6)
FNDA:1,(anonymous_7)
FNDA:0,(anonymous_8)
FNDA:0,(anonymous_9)
FNDA:0,(anonymous_10)
FNDA:0,(anonymous_11)
DA:8,1
DA:10,1
DA:11,11
DA:12,11
DA:13,11
DA:14,11
DA:15,11
DA:16,11
DA:17,11
DA:18,11
DA:19,11
DA:22,11
DA:23,7
DA:24,7
DA:25,6
DA:26,6
DA:29,1
DA:30,1
DA:34,11
DA:35,7
DA:39,11
DA:40,4
DA:41,4
DA:42,4
DA:43,4
DA:44,4
DA:45,4
DA:46,4
DA:47,4
DA:48,4
DA:49,4
DA:53,2
DA:54,0
DA:56,2
DA:57,2
DA:60,2
DA:61,2
DA:65,11
DA:82,0
DA:86,2
DA:98,1
DA:121,1
DA:130,0
DA:140,0
DA:149,0
DA:160,0
LF:46
LH:40
BRDA:25,0,0,6
BRDA:25,0,1,0
BRDA:53,1,0,0
BRDA:53,1,1,2
BRDA:93,2,0,2
BRDA:93,2,1,9
BRDA:104,3,0,11
BRDA:104,3,1,2
BRF:8
BRH:6
end_of_record
TN:
SF:client/src/pages/admin/Products.js
FN:7,(anonymous_0)
FN:11,(anonymous_1)
FN:22,(anonymous_2)
FN:34,(anonymous_3)
FNF:4
FNH:4
FNDA:7,(anonymous_0)
FNDA:4,(anonymous_1)
FNDA:4,(anonymous_2)
FNDA:4,(anonymous_3)
DA:7,1
DA:8,7
DA:11,7
DA:12,4
DA:13,4
DA:14,3
DA:16,1
DA:17,1
DA:22,7
DA:23,4
DA:25,7
DA:35,4
LF:12
LH:12
BRF:0
BRH:0
end_of_record
TN:
SF:client/src/pages/admin/UpdateProduct.js
FN:10,(anonymous_0)
FN:24,(anonymous_1)
FN:41,(anonymous_2)
FN:46,(anonymous_3)
FN:58,(anonymous_4)
FN:63,(anonymous_5)
FN:90,(anonymous_6)
FN:120,(anonymous_7)
FN:125,(anonymous_8)
FN:138,(anonymous_9)
FN:170,(anonymous_10)
FN:179,(anonymous_11)
FN:189,(anonymous_12)
FN:198,(anonymous_13)
FN:208,(anonymous_14)
FNF:15
FNH:9
FNDA:9,(anonymous_0)
FNDA:5,(anonymous_1)
FNDA:5,(anonymous_2)
FNDA:5,(anonymous_3)
FNDA:5,(anonymous_4)
FNDA:2,(anonymous_5)
FNDA:2,(anonymous_6)
FNDA:0,(anonymous_7)
FNDA:8,(anonymous_8)
FNDA:0,(anonymous_9)
FNDA:1,(anonymous_10)
FNDA:0,(anonymous_11)
FNDA:0,(anonymous_12)
FNDA:0,(anonymous_13)
FNDA:0,(anonymous_14)
DA:8,1
DA:10,1
DA:11,9
DA:12,9
DA:13,9
DA:14,9
DA:15,9
DA:16,9
DA:17,9
DA:18,9
DA:19,9
DA:20,9
DA:21,9
DA:24,9
DA:25,5
DA:26,5
DA:29,5
DA:30,5
DA:31,5
DA:32,5
DA:33,5
DA:34,5
DA:35,5
DA:36,5
DA:38,0
DA:41,9
DA:42,5
DA:46,9
DA:47,5
DA:48,5
DA:49,5
DA:50,5
DA:53,0
DA:54,0
DA:58,9
DA:59,5
DA:63,9
DA:64,2
DA:65,2
DA:66,2
DA:67,2
DA:68,2
DA:69,2
DA:70,2
DA:71,2
DA:72,2
DA:73,2
DA:77,1
DA:78,0
DA:80,1
DA:81,1
DA:84,1
DA:85,1
DA:90,9
DA:91,2
DA:92,2
DA:93,2
DA:94,2
DA:97,1
DA:98,1
DA:100,1
DA:101,1
DA:104,9
DA:121,0
DA:126,8
DA:138,0
DA:170,1
DA:179,0
DA:189,0
DA:198,0
DA:209,0
LF:71
LH:61
BRDA:49,0,0,5
BRDA:49,0,1,0
BRDA:71,1,0,2
BRDA:71,1,1,0
BRDA:77,2,0,0
BRDA:77,2,1,1
BRDA:93,3,0,0
BRDA:93,3,1,2
BRDA:133,4,0,0
BRDA:133,4,1,9
BRDA:144,5,0,0
BRDA:144,5,1,9
BRDA:211,6,0,4
BRDA:211,6,1,5
BRF:14
BRH:8
end_of_record
TN:
SF:client/src/pages/admin/Users.js
FN:5,(anonymous_0)
FNF:1
FNH:1
FNDA:1,(anonymous_0)
DA:5,1
DA:6,1
LF:2
LH:2
BRF:0
BRH:0
end_of_record
TN:
SF:client/src/pages/user/Dashboard.js
FN:5,(anonymous_0)
FNF:1
FNH:0
FNDA:0,(anonymous_0)
DA:5,0
DA:6,0
DA:7,0
LF:3
LH:0
BRF:0
BRH:0
end_of_record
TN:
SF:client/src/pages/user/Orders.js
FN:8,(anonymous_0)
FN:11,(anonymous_1)
FN:20,(anonymous_2)
FN:32,(anonymous_3)
FN:58,(anonymous_4)
FNF:5
FNH:0
FNDA:0,(anonymous_0)
FNDA:0,(anonymous_1)
FNDA:0,(anonymous_2)
FNDA:0,(anonymous_3)
FNDA:0,(anonymous_4)
DA:8,0
DA:9,0
DA:10,0
DA:11,0
DA:12,0
DA:13,0
DA:14,0
DA:16,0
DA:20,0
DA:21,0
DA:23,0
DA:33,0
DA:59,0
LF:13
LH:0
BRDA:21,0,0,0
BRDA:21,0,1,0
BRDA:52,1,0,0
BRDA:52,1,1,0
BRF:4
BRH:0
end_of_record
TN:
SF:client/src/pages/user/Profile.js
FN:7,(anonymous_0)
FN:18,(anonymous_1)
FN:27,(anonymous_2)
FN:67,(anonymous_3)
FN:78,(anonymous_4)
FN:89,(anonymous_5)
FN:99,(anonymous_6)
FN:109,(anonymous_7)
FNF:8
FNH:0
FNDA:0,(anonymous_0)
FNDA:0,(anonymous_1)
FNDA:0,(anonymous_2)
FNDA:0,(anonymous_3)
FNDA:0,(anonymous_4)
FNDA:0,(anonymous_5)
FNDA:0,(anonymous_6)
FNDA:0,(anonymous_7)
DA:7,0
DA:9,0
DA:11,0
DA:12,0
DA:13,0
DA:14,0
DA:15,0
DA:18,0
DA:19,0
DA:20,0
DA:21,0
DA:22,0
DA:23,0
DA:27,0
DA:28,0
DA:29,0
DA:30,0
DA:37,0
DA:38,0
DA:40,0
DA:41,0
DA:42,0
DA:43,0
DA:44,0
DA:45,0
DA:48,0
DA:49,0
DA:52,0
DA:67,0
DA:78,0
DA:89,0
DA:99,0
DA:109,0
LF:33
LH:0
BRDA:37,0,0,0
BRDA:37,0,1,0
BRF:2
BRH:0
end_of_record
