TN:
SF:client/src/pages/admin/AdminDashboard.js
FN:5,(anonymous_0)
FNF:1
FNH:1
FNDA:2,(anonymous_0)
DA:5,1
DA:6,2
DA:7,2
LF:3
LH:3
BRF:0
BRH:0
end_of_record
TN:
SF:client/src/pages/admin/AdminOrders.js
FN:11,(anonymous_0)
FN:22,(anonymous_1)
FN:31,(anonymous_2)
FN:35,(anonymous_3)
FN:53,(anonymous_4)
FN:73,(anonymous_5)
FN:76,(anonymous_6)
FN:91,(anonymous_7)
FNF:8
FNH:8
FNDA:12,(anonymous_0)
FNDA:8,(anonymous_1)
FNDA:7,(anonymous_2)
FNDA:1,(anonymous_3)
FNDA:4,(anonymous_4)
FNDA:1,(anonymous_5)
FNDA:20,(anonymous_6)
FNDA:3,(anonymous_7)
DA:9,1
DA:11,1
DA:12,12
DA:19,11
DA:20,11
DA:21,11
DA:22,11
DA:23,8
DA:24,8
DA:25,6
DA:27,2
DA:31,11
DA:32,7
DA:35,11
DA:36,1
DA:37,1
DA:40,1
DA:42,0
DA:45,11
DA:54,4
DA:73,1
DA:77,20
DA:92,3
LF:23
LH:22
BRDA:32,0,0,7
BRDA:32,0,1,0
BRDA:85,1,0,3
BRDA:85,1,1,1
BRF:4
BRH:3
end_of_record
TN:
SF:client/src/pages/admin/CreateCategory.js
FN:8,(anonymous_0)
FN:15,(anonymous_1)
FN:34,(anonymous_2)
FN:46,(anonymous_3)
FN:51,(anonymous_4)
FN:72,(anonymous_5)
FN:113,(anonymous_6)
FN:120,(anonymous_7)
FN:130,(anonymous_8)
FN:144,(anonymous_9)
FNF:10
FNH:10
FNDA:116,(anonymous_0)
FNDA:3,(anonymous_1)
FNDA:15,(anonymous_2)
FNDA:12,(anonymous_3)
FNDA:3,(anonymous_4)
FNDA:3,(anonymous_5)
FNDA:75,(anonymous_6)
FNDA:4,(anonymous_7)
FNDA:3,(anonymous_8)
FNDA:1,(anonymous_9)
DA:8,1
DA:9,116
DA:10,115
DA:11,115
DA:12,115
DA:13,115
DA:15,115
DA:16,3
DA:17,3
DA:18,3
DA:21,2
DA:22,1
DA:23,1
DA:25,1
DA:28,1
DA:29,1
DA:34,115
DA:35,15
DA:36,15
DA:37,8
DA:38,8
DA:41,7
DA:42,7
DA:46,115
DA:47,12
DA:51,115
DA:52,3
DA:53,3
DA:54,3
DA:58,2
DA:59,1
DA:60,1
DA:61,1
DA:62,1
DA:63,1
DA:65,1
DA:68,1
DA:72,115
DA:73,3
DA:74,3
DA:77,2
DA:78,1
DA:80,1
DA:82,1
DA:85,1
DA:88,115
DA:114,75
DA:121,4
DA:122,4
DA:123,4
DA:131,3
DA:144,1
LF:52
LH:52
BRDA:21,0,0,1
BRDA:21,0,1,1
BRDA:37,1,0,8
BRDA:37,1,1,0
BRDA:58,2,0,1
BRDA:58,2,1,1
BRDA:77,3,0,1
BRDA:77,3,1,1
BRF:8
BRH:7
end_of_record
TN:
SF:client/src/pages/admin/CreateProduct.js
FN:10,(anonymous_0)
FN:22,(anonymous_1)
FN:34,(anonymous_2)
FN:39,(anonymous_3)
FN:81,(anonymous_4)
FN:85,(anonymous_5)
FN:98,(anonymous_6)
FN:121,(anonymous_7)
FN:130,(anonymous_8)
FN:140,(anonymous_9)
FN:149,(anonymous_10)
FN:159,(anonymous_11)
FNF:12
FNH:7
FNDA:11,(anonymous_0)
FNDA:7,(anonymous_1)
FNDA:7,(anonymous_2)
FNDA:4,(anonymous_3)
FNDA:0,(anonymous_4)
FNDA:2,(anonymous_5)
FNDA:1,(anonymous_6)
FNDA:1,(anonymous_7)
FNDA:0,(anonymous_8)
FNDA:0,(anonymous_9)
FNDA:0,(anonymous_10)
FNDA:0,(anonymous_11)
DA:8,1
DA:10,1
DA:11,11
DA:12,11
DA:13,11
DA:14,11
DA:15,11
DA:16,11
DA:17,11
DA:18,11
DA:19,11
DA:22,11
DA:23,7
DA:24,7
DA:25,6
DA:26,6
DA:29,1
DA:30,1
DA:34,11
DA:35,7
DA:39,11
DA:40,4
DA:41,4
DA:42,4
DA:43,4
DA:44,4
DA:45,4
DA:46,4
DA:47,4
DA:48,4
DA:49,4
DA:53,2
DA:54,0
DA:56,2
DA:57,2
DA:60,2
DA:61,2
DA:65,11
DA:82,0
DA:86,2
DA:98,1
DA:121,1
DA:130,0
DA:140,0
DA:149,0
DA:160,0
LF:46
LH:40
BRDA:25,0,0,6
BRDA:25,0,1,0
BRDA:53,1,0,0
BRDA:53,1,1,2
BRDA:93,2,0,2
BRDA:93,2,1,9
BRDA:104,3,0,11
BRDA:104,3,1,2
BRF:8
BRH:6
end_of_record
TN:
SF:client/src/pages/admin/Products.js
FN:7,(anonymous_0)
FN:11,(anonymous_1)
FN:22,(anonymous_2)
FN:34,(anonymous_3)
FNF:4
FNH:4
FNDA:7,(anonymous_0)
FNDA:4,(anonymous_1)
FNDA:4,(anonymous_2)
FNDA:4,(anonymous_3)
DA:7,1
DA:8,7
DA:11,7
DA:12,4
DA:13,4
DA:14,3
DA:16,1
DA:17,1
DA:22,7
DA:23,4
DA:25,7
DA:35,4
LF:12
LH:12
BRF:0
BRH:0
end_of_record
TN:
SF:client/src/pages/admin/UpdateProduct.js
FN:10,(anonymous_0)
FN:24,(anonymous_1)
FN:41,(anonymous_2)
FN:46,(anonymous_3)
FN:58,(anonymous_4)
FN:63,(anonymous_5)
FN:90,(anonymous_6)
FN:120,(anonymous_7)
FN:125,(anonymous_8)
FN:138,(anonymous_9)
FN:170,(anonymous_10)
FN:179,(anonymous_11)
FN:189,(anonymous_12)
FN:198,(anonymous_13)
FN:208,(anonymous_14)
FNF:15
FNH:9
FNDA:9,(anonymous_0)
FNDA:5,(anonymous_1)
FNDA:5,(anonymous_2)
FNDA:5,(anonymous_3)
FNDA:5,(anonymous_4)
FNDA:2,(anonymous_5)
FNDA:2,(anonymous_6)
FNDA:0,(anonymous_7)
FNDA:8,(anonymous_8)
FNDA:0,(anonymous_9)
FNDA:1,(anonymous_10)
FNDA:0,(anonymous_11)
FNDA:0,(anonymous_12)
FNDA:0,(anonymous_13)
FNDA:0,(anonymous_14)
DA:8,1
DA:10,1
DA:11,9
DA:12,9
DA:13,9
DA:14,9
DA:15,9
DA:16,9
DA:17,9
DA:18,9
DA:19,9
DA:20,9
DA:21,9
DA:24,9
DA:25,5
DA:26,5
DA:29,5
DA:30,5
DA:31,5
DA:32,5
DA:33,5
DA:34,5
DA:35,5
DA:36,5
DA:38,0
DA:41,9
DA:42,5
DA:46,9
DA:47,5
DA:48,5
DA:49,5
DA:50,5
DA:53,0
DA:54,0
DA:58,9
DA:59,5
DA:63,9
DA:64,2
DA:65,2
DA:66,2
DA:67,2
DA:68,2
DA:69,2
DA:70,2
DA:71,2
DA:72,2
DA:73,2
DA:77,1
DA:78,0
DA:80,1
DA:81,1
DA:84,1
DA:85,1
DA:90,9
DA:91,2
DA:92,2
DA:93,2
DA:94,2
DA:97,1
DA:98,1
DA:100,1
DA:101,1
DA:104,9
DA:121,0
DA:126,8
DA:138,0
DA:170,1
DA:179,0
DA:189,0
DA:198,0
DA:209,0
LF:71
LH:61
BRDA:49,0,0,5
BRDA:49,0,1,0
BRDA:71,1,0,2
BRDA:71,1,1,0
BRDA:77,2,0,0
BRDA:77,2,1,1
BRDA:93,3,0,0
BRDA:93,3,1,2
BRDA:133,4,0,0
BRDA:133,4,1,9
BRDA:144,5,0,0
BRDA:144,5,1,9
BRDA:211,6,0,4
BRDA:211,6,1,5
BRF:14
BRH:8
end_of_record
TN:
SF:client/src/pages/admin/Users.js
FN:5,(anonymous_0)
FNF:1
FNH:1
FNDA:1,(anonymous_0)
DA:5,1
DA:6,1
LF:2
LH:2
BRF:0
BRH:0
end_of_record
